
2019-11-12 14:57 - ls
2019-11-12 14:57 - pwd
2019-11-12 14:57 - pwd
2019-11-12 14:57 - pwd
2019-11-12 15:01 - pwd
2019-11-12 15:01 - pwd
2019-11-12 15:01 - pwd
2019-11-12 15:01 - pwd
2019-11-12 15:01 - pwd
2019-11-12 15:01 - pwd
2019-11-12 15:04 - ls
2019-11-12 15:04 - pwd
2019-11-12 15:04 - ls
2019-11-12 15:04 - pwd
2019-11-12 15:04 - mkdir
2019-11-12 15:04 - mkdir
2019-11-12 15:04 - touch
2019-11-12 15:04 - hlep
2019-11-12 15:15 - ls
2019-11-12 15:15 - ls
2019-11-12 15:15 - pwd
2019-11-12 15:15 - pwd
2019-11-12 15:15 - mkdir
2019-11-12 15:15 - cat 1.txt
2019-11-12 15:15 - pwd
2019-11-12 15:15 - cd test
2019-11-12 15:17 - test
2019-11-12 15:17 - ls
2019-11-12 15:17 - ls
2019-11-12 15:17 - pwd
2019-11-12 15:17 - cat 1.txt
2019-11-12 15:17 - rm
2019-11-12 15:17 - rm
2019-11-12 15:17 - rename
2019-11-12 15:18 - cp
2019-11-12 15:18 - cp 1.txt
2019-11-12 15:18 - cp 1.txt 2.txt
2019-11-12 15:18 - ls
2019-11-12 15:18 - cat 2.txt
2019-11-12 15:18 - rm 2.txt
2019-11-12 15:18 - ls
2019-11-12 15:18 - cat 1.txt
